<?xml version="1.0" encoding="UTF-8"?>
<testng-results skipped="0" failed="0" total="3" passed="3">
  <reporter-output>
  </reporter-output>
  <suite name="Default suite" duration-ms="2402" started-at="2021-06-22T05:53:52Z" finished-at="2021-06-22T05:53:55Z">
    <groups>
    </groups>
    <test name="Default test" duration-ms="2402" started-at="2021-06-22T05:53:52Z" finished-at="2021-06-22T05:53:55Z">
      <class name="IBMRestAssured.RestAssuredProject.RestAPI">
        <test-method status="PASS" signature="tescasedataset(java.lang.String, java.lang.String, java.lang.String, java.lang.String, java.lang.String, java.lang.String)[pri:0, instance:IBMRestAssured.RestAssuredProject.RestAPI@2752f6e2]" name="tescasedataset" duration-ms="1848" started-at="2021-06-22T11:23:53Z" data-provider="exceldataset" finished-at="2021-06-22T11:23:55Z">
          <params>
            <param index="0">
              <value>
                <![CDATA[Name]]>
              </value>
            </param>
            <param index="1">
              <value>
                <![CDATA[Status]]>
              </value>
            </param>
            <param index="2">
              <value>
                <![CDATA[Category_Id]]>
              </value>
            </param>
            <param index="3">
              <value>
                <![CDATA[Category_Name]]>
              </value>
            </param>
            <param index="4">
              <value>
                <![CDATA[Tages_Id]]>
              </value>
            </param>
            <param index="5">
              <value>
                <![CDATA[Tags_Name]]>
              </value>
            </param>
          </params>
          <reporter-output>
          </reporter-output>
        </test-method> <!-- tescasedataset -->
        <test-method status="PASS" signature="tescasedataset(java.lang.String, java.lang.String, java.lang.String, java.lang.String, java.lang.String, java.lang.String)[pri:0, instance:IBMRestAssured.RestAssuredProject.RestAPI@2752f6e2]" name="tescasedataset" duration-ms="36" started-at="2021-06-22T11:23:55Z" data-provider="exceldataset" finished-at="2021-06-22T11:23:55Z">
          <params>
            <param index="0">
              <value>
                <![CDATA[damon]]>
              </value>
            </param>
            <param index="1">
              <value>
                <![CDATA[available]]>
              </value>
            </param>
            <param index="2">
              <value>
                <![CDATA[56]]>
              </value>
            </param>
            <param index="3">
              <value>
                <![CDATA[stephan]]>
              </value>
            </param>
            <param index="4">
              <value>
                <![CDATA[78]]>
              </value>
            </param>
            <param index="5">
              <value>
                <![CDATA[caroline]]>
              </value>
            </param>
          </params>
          <reporter-output>
          </reporter-output>
        </test-method> <!-- tescasedataset -->
        <test-method status="PASS" signature="tescasedataset(java.lang.String, java.lang.String, java.lang.String, java.lang.String, java.lang.String, java.lang.String)[pri:0, instance:IBMRestAssured.RestAssuredProject.RestAPI@2752f6e2]" name="tescasedataset" duration-ms="63" started-at="2021-06-22T11:23:55Z" data-provider="exceldataset" finished-at="2021-06-22T11:23:55Z">
          <params>
            <param index="0">
              <value>
                <![CDATA[klaus]]>
              </value>
            </param>
            <param index="1">
              <value>
                <![CDATA[available]]>
              </value>
            </param>
            <param index="2">
              <value>
                <![CDATA[87]]>
              </value>
            </param>
            <param index="3">
              <value>
                <![CDATA[kol]]>
              </value>
            </param>
            <param index="4">
              <value>
                <![CDATA[67]]>
              </value>
            </param>
            <param index="5">
              <value>
                <![CDATA[camille]]>
              </value>
            </param>
          </params>
          <reporter-output>
          </reporter-output>
        </test-method> <!-- tescasedataset -->
      </class> <!-- IBMRestAssured.RestAssuredProject.RestAPI -->
    </test> <!-- Default test -->
  </suite> <!-- Default suite -->
</testng-results>
